2025-02-18T22:28:31.662+01:00  INFO 28764 --- [bibliotheque] [restartedMain] c.e.b.BibliothequeApplication            : Starting BibliothequeApplication using Java 21.0.6 with PID 28764 (C:\CDA_entreprise\tpJava\bibliotheque\target\classes started by Admin Stagiaire in C:\CDA_entreprise\tpJava\bibliotheque)
2025-02-18T22:28:31.665+01:00  INFO 28764 --- [bibliotheque] [restartedMain] c.e.b.BibliothequeApplication            : No active profile set, falling back to 1 default profile: "default"
2025-02-18T22:28:31.702+01:00  INFO 28764 --- [bibliotheque] [restartedMain] .e.DevToolsPropertyDefaultsPostProcessor : Devtools property defaults active! Set 'spring.devtools.add-properties' to 'false' to disable
2025-02-18T22:28:31.702+01:00  INFO 28764 --- [bibliotheque] [restartedMain] .e.DevToolsPropertyDefaultsPostProcessor : For additional web related logging consider setting the 'logging.level.web' property to 'DEBUG'
2025-02-18T22:28:32.165+01:00  INFO 28764 --- [bibliotheque] [restartedMain] .s.d.r.c.RepositoryConfigurationDelegate : Bootstrapping Spring Data JPA repositories in DEFAULT mode.
2025-02-18T22:28:32.205+01:00  INFO 28764 --- [bibliotheque] [restartedMain] .s.d.r.c.RepositoryConfigurationDelegate : Finished Spring Data repository scanning in 34 ms. Found 2 JPA repository interfaces.
2025-02-18T22:28:32.417+01:00  WARN 28764 --- [bibliotheque] [restartedMain] trationDelegate$BeanPostProcessorChecker : Bean 'org.springframework.ws.config.annotation.DelegatingWsConfiguration' of type [org.springframework.ws.config.annotation.DelegatingWsConfiguration$$SpringCGLIB$$0] is not eligible for getting processed by all BeanPostProcessors (for example: not eligible for auto-proxying). The currently created BeanPostProcessor [annotationActionEndpointMapping] is declared through a non-static factory method on that class; consider declaring it as static instead.
2025-02-18T22:28:32.451+01:00  INFO 28764 --- [bibliotheque] [restartedMain] .w.s.a.s.AnnotationActionEndpointMapping : Supporting [WS-Addressing August 2004, WS-Addressing 1.0]
2025-02-18T22:28:32.637+01:00  INFO 28764 --- [bibliotheque] [restartedMain] o.s.b.w.embedded.tomcat.TomcatWebServer  : Tomcat initialized with port 8080 (http)
2025-02-18T22:28:32.647+01:00  INFO 28764 --- [bibliotheque] [restartedMain] o.apache.catalina.core.StandardService   : Starting service [Tomcat]
2025-02-18T22:28:32.647+01:00  INFO 28764 --- [bibliotheque] [restartedMain] o.apache.catalina.core.StandardEngine    : Starting Servlet engine: [Apache Tomcat/10.1.34]
2025-02-18T22:28:32.677+01:00  INFO 28764 --- [bibliotheque] [restartedMain] o.a.c.c.C.[Tomcat].[localhost].[/]       : Initializing Spring embedded WebApplicationContext
2025-02-18T22:28:32.677+01:00  INFO 28764 --- [bibliotheque] [restartedMain] w.s.c.ServletWebServerApplicationContext : Root WebApplicationContext: initialization completed in 974 ms
2025-02-18T22:28:32.778+01:00  INFO 28764 --- [bibliotheque] [restartedMain] o.hibernate.jpa.internal.util.LogHelper  : HHH000204: Processing PersistenceUnitInfo [name: default]
2025-02-18T22:28:32.816+01:00  INFO 28764 --- [bibliotheque] [restartedMain] org.hibernate.Version                    : HHH000412: Hibernate ORM core version 6.6.5.Final
2025-02-18T22:28:32.840+01:00  INFO 28764 --- [bibliotheque] [restartedMain] o.h.c.internal.RegionFactoryInitiator    : HHH000026: Second-level cache disabled
2025-02-18T22:28:32.906+01:00 DEBUG 28764 --- [bibliotheque] [restartedMain] org.hibernate.type.BasicTypeRegistry     : Adding type registration boolean -> org.hibernate.type.BasicTypeReference@463e31b4
2025-02-18T22:28:32.907+01:00 DEBUG 28764 --- [bibliotheque] [restartedMain] org.hibernate.type.BasicTypeRegistry     : Adding type registration boolean -> org.hibernate.type.BasicTypeReference@463e31b4
2025-02-18T22:28:32.907+01:00 DEBUG 28764 --- [bibliotheque] [restartedMain] org.hibernate.type.BasicTypeRegistry     : Adding type registration java.lang.Boolean -> org.hibernate.type.BasicTypeReference@463e31b4
2025-02-18T22:28:32.907+01:00 DEBUG 28764 --- [bibliotheque] [restartedMain] org.hibernate.type.BasicTypeRegistry     : Adding type registration numeric_boolean -> org.hibernate.type.BasicTypeReference@7f2c978e
2025-02-18T22:28:32.907+01:00 DEBUG 28764 --- [bibliotheque] [restartedMain] org.hibernate.type.BasicTypeRegistry     : Adding type registration org.hibernate.type.NumericBooleanConverter -> org.hibernate.type.BasicTypeReference@7f2c978e
2025-02-18T22:28:32.907+01:00 DEBUG 28764 --- [bibliotheque] [restartedMain] org.hibernate.type.BasicTypeRegistry     : Adding type registration true_false -> org.hibernate.type.BasicTypeReference@476b570e
2025-02-18T22:28:32.907+01:00 DEBUG 28764 --- [bibliotheque] [restartedMain] org.hibernate.type.BasicTypeRegistry     : Adding type registration org.hibernate.type.TrueFalseConverter -> org.hibernate.type.BasicTypeReference@476b570e
2025-02-18T22:28:32.907+01:00 DEBUG 28764 --- [bibliotheque] [restartedMain] org.hibernate.type.BasicTypeRegistry     : Adding type registration yes_no -> org.hibernate.type.BasicTypeReference@749afef
2025-02-18T22:28:32.907+01:00 DEBUG 28764 --- [bibliotheque] [restartedMain] org.hibernate.type.BasicTypeRegistry     : Adding type registration org.hibernate.type.YesNoConverter -> org.hibernate.type.BasicTypeReference@749afef
2025-02-18T22:28:32.907+01:00 DEBUG 28764 --- [bibliotheque] [restartedMain] org.hibernate.type.BasicTypeRegistry     : Adding type registration byte -> org.hibernate.type.BasicTypeReference@304d9d23
2025-02-18T22:28:32.907+01:00 DEBUG 28764 --- [bibliotheque] [restartedMain] org.hibernate.type.BasicTypeRegistry     : Adding type registration byte -> org.hibernate.type.BasicTypeReference@304d9d23
2025-02-18T22:28:32.908+01:00 DEBUG 28764 --- [bibliotheque] [restartedMain] org.hibernate.type.BasicTypeRegistry     : Adding type registration java.lang.Byte -> org.hibernate.type.BasicTypeReference@304d9d23
2025-02-18T22:28:32.908+01:00 DEBUG 28764 --- [bibliotheque] [restartedMain] org.hibernate.type.BasicTypeRegistry     : Adding type registration binary -> org.hibernate.type.BasicTypeReference@2b46ec43
2025-02-18T22:28:32.908+01:00 DEBUG 28764 --- [bibliotheque] [restartedMain] org.hibernate.type.BasicTypeRegistry     : Adding type registration byte[] -> org.hibernate.type.BasicTypeReference@2b46ec43
2025-02-18T22:28:32.908+01:00 DEBUG 28764 --- [bibliotheque] [restartedMain] org.hibernate.type.BasicTypeRegistry     : Adding type registration [B -> org.hibernate.type.BasicTypeReference@2b46ec43
2025-02-18T22:28:32.908+01:00 DEBUG 28764 --- [bibliotheque] [restartedMain] org.hibernate.type.BasicTypeRegistry     : Adding type registration binary_wrapper -> org.hibernate.type.BasicTypeReference@36880d02
2025-02-18T22:28:32.908+01:00 DEBUG 28764 --- [bibliotheque] [restartedMain] org.hibernate.type.BasicTypeRegistry     : Adding type registration wrapper-binary -> org.hibernate.type.BasicTypeReference@36880d02
2025-02-18T22:28:32.908+01:00 DEBUG 28764 --- [bibliotheque] [restartedMain] org.hibernate.type.BasicTypeRegistry     : Adding type registration image -> org.hibernate.type.BasicTypeReference@7c74faeb
2025-02-18T22:28:32.908+01:00 DEBUG 28764 --- [bibliotheque] [restartedMain] org.hibernate.type.BasicTypeRegistry     : Adding type registration blob -> org.hibernate.type.BasicTypeReference@208cd4c3
2025-02-18T22:28:32.908+01:00 DEBUG 28764 --- [bibliotheque] [restartedMain] org.hibernate.type.BasicTypeRegistry     : Adding type registration java.sql.Blob -> org.hibernate.type.BasicTypeReference@208cd4c3
2025-02-18T22:28:32.908+01:00 DEBUG 28764 --- [bibliotheque] [restartedMain] org.hibernate.type.BasicTypeRegistry     : Adding type registration materialized_blob -> org.hibernate.type.BasicTypeReference@3c340065
2025-02-18T22:28:32.908+01:00 DEBUG 28764 --- [bibliotheque] [restartedMain] org.hibernate.type.BasicTypeRegistry     : Adding type registration materialized_blob_wrapper -> org.hibernate.type.BasicTypeReference@4a22eafc
2025-02-18T22:28:32.908+01:00 DEBUG 28764 --- [bibliotheque] [restartedMain] org.hibernate.type.BasicTypeRegistry     : Adding type registration short -> org.hibernate.type.BasicTypeReference@115ae2f1
2025-02-18T22:28:32.908+01:00 DEBUG 28764 --- [bibliotheque] [restartedMain] org.hibernate.type.BasicTypeRegistry     : Adding type registration short -> org.hibernate.type.BasicTypeReference@115ae2f1
2025-02-18T22:28:32.909+01:00 DEBUG 28764 --- [bibliotheque] [restartedMain] org.hibernate.type.BasicTypeRegistry     : Adding type registration java.lang.Short -> org.hibernate.type.BasicTypeReference@115ae2f1
2025-02-18T22:28:32.909+01:00 DEBUG 28764 --- [bibliotheque] [restartedMain] org.hibernate.type.BasicTypeRegistry     : Adding type registration integer -> org.hibernate.type.BasicTypeReference@573616d5
2025-02-18T22:28:32.909+01:00 DEBUG 28764 --- [bibliotheque] [restartedMain] org.hibernate.type.BasicTypeRegistry     : Adding type registration int -> org.hibernate.type.BasicTypeReference@573616d5
2025-02-18T22:28:32.909+01:00 DEBUG 28764 --- [bibliotheque] [restartedMain] org.hibernate.type.BasicTypeRegistry     : Adding type registration java.lang.Integer -> org.hibernate.type.BasicTypeReference@573616d5
2025-02-18T22:28:32.909+01:00 DEBUG 28764 --- [bibliotheque] [restartedMain] org.hibernate.type.BasicTypeRegistry     : Adding type registration long -> org.hibernate.type.BasicTypeReference@4b1d137e
2025-02-18T22:28:32.909+01:00 DEBUG 28764 --- [bibliotheque] [restartedMain] org.hibernate.type.BasicTypeRegistry     : Adding type registration long -> org.hibernate.type.BasicTypeReference@4b1d137e
2025-02-18T22:28:32.909+01:00 DEBUG 28764 --- [bibliotheque] [restartedMain] org.hibernate.type.BasicTypeRegistry     : Adding type registration java.lang.Long -> org.hibernate.type.BasicTypeReference@4b1d137e
2025-02-18T22:28:32.909+01:00 DEBUG 28764 --- [bibliotheque] [restartedMain] org.hibernate.type.BasicTypeRegistry     : Adding type registration float -> org.hibernate.type.BasicTypeReference@163575eb
2025-02-18T22:28:32.909+01:00 DEBUG 28764 --- [bibliotheque] [restartedMain] org.hibernate.type.BasicTypeRegistry     : Adding type registration float -> org.hibernate.type.BasicTypeReference@163575eb
2025-02-18T22:28:32.909+01:00 DEBUG 28764 --- [bibliotheque] [restartedMain] org.hibernate.type.BasicTypeRegistry     : Adding type registration java.lang.Float -> org.hibernate.type.BasicTypeReference@163575eb
2025-02-18T22:28:32.909+01:00 DEBUG 28764 --- [bibliotheque] [restartedMain] org.hibernate.type.BasicTypeRegistry     : Adding type registration double -> org.hibernate.type.BasicTypeReference@503e40b6
2025-02-18T22:28:32.910+01:00 DEBUG 28764 --- [bibliotheque] [restartedMain] org.hibernate.type.BasicTypeRegistry     : Adding type registration double -> org.hibernate.type.BasicTypeReference@503e40b6
2025-02-18T22:28:32.910+01:00 DEBUG 28764 --- [bibliotheque] [restartedMain] org.hibernate.type.BasicTypeRegistry     : Adding type registration java.lang.Double -> org.hibernate.type.BasicTypeReference@503e40b6
2025-02-18T22:28:32.910+01:00 DEBUG 28764 --- [bibliotheque] [restartedMain] org.hibernate.type.BasicTypeRegistry     : Adding type registration big_integer -> org.hibernate.type.BasicTypeReference@37d964da
2025-02-18T22:28:32.910+01:00 DEBUG 28764 --- [bibliotheque] [restartedMain] org.hibernate.type.BasicTypeRegistry     : Adding type registration java.math.BigInteger -> org.hibernate.type.BasicTypeReference@37d964da
2025-02-18T22:28:32.910+01:00 DEBUG 28764 --- [bibliotheque] [restartedMain] org.hibernate.type.BasicTypeRegistry     : Adding type registration big_decimal -> org.hibernate.type.BasicTypeReference@147c17bc
2025-02-18T22:28:32.910+01:00 DEBUG 28764 --- [bibliotheque] [restartedMain] org.hibernate.type.BasicTypeRegistry     : Adding type registration java.math.BigDecimal -> org.hibernate.type.BasicTypeReference@147c17bc
2025-02-18T22:28:32.910+01:00 DEBUG 28764 --- [bibliotheque] [restartedMain] org.hibernate.type.BasicTypeRegistry     : Adding type registration character -> org.hibernate.type.BasicTypeReference@29dbb2f5
2025-02-18T22:28:32.910+01:00 DEBUG 28764 --- [bibliotheque] [restartedMain] org.hibernate.type.BasicTypeRegistry     : Adding type registration char -> org.hibernate.type.BasicTypeReference@29dbb2f5
2025-02-18T22:28:32.910+01:00 DEBUG 28764 --- [bibliotheque] [restartedMain] org.hibernate.type.BasicTypeRegistry     : Adding type registration java.lang.Character -> org.hibernate.type.BasicTypeReference@29dbb2f5
2025-02-18T22:28:32.910+01:00 DEBUG 28764 --- [bibliotheque] [restartedMain] org.hibernate.type.BasicTypeRegistry     : Adding type registration character_nchar -> org.hibernate.type.BasicTypeReference@bc26c88
2025-02-18T22:28:32.910+01:00 DEBUG 28764 --- [bibliotheque] [restartedMain] org.hibernate.type.BasicTypeRegistry     : Adding type registration string -> org.hibernate.type.BasicTypeReference@7741369e
2025-02-18T22:28:32.910+01:00 DEBUG 28764 --- [bibliotheque] [restartedMain] org.hibernate.type.BasicTypeRegistry     : Adding type registration java.lang.String -> org.hibernate.type.BasicTypeReference@7741369e
2025-02-18T22:28:32.911+01:00 DEBUG 28764 --- [bibliotheque] [restartedMain] org.hibernate.type.BasicTypeRegistry     : Adding type registration nstring -> org.hibernate.type.BasicTypeReference@3f41e3d
2025-02-18T22:28:32.911+01:00 DEBUG 28764 --- [bibliotheque] [restartedMain] org.hibernate.type.BasicTypeRegistry     : Adding type registration characters -> org.hibernate.type.BasicTypeReference@77cc58ac
2025-02-18T22:28:32.911+01:00 DEBUG 28764 --- [bibliotheque] [restartedMain] org.hibernate.type.BasicTypeRegistry     : Adding type registration char[] -> org.hibernate.type.BasicTypeReference@77cc58ac
2025-02-18T22:28:32.911+01:00 DEBUG 28764 --- [bibliotheque] [restartedMain] org.hibernate.type.BasicTypeRegistry     : Adding type registration [C -> org.hibernate.type.BasicTypeReference@77cc58ac
2025-02-18T22:28:32.912+01:00 DEBUG 28764 --- [bibliotheque] [restartedMain] org.hibernate.type.BasicTypeRegistry     : Adding type registration wrapper-characters -> org.hibernate.type.BasicTypeReference@6ff2ccf1
2025-02-18T22:28:32.912+01:00 DEBUG 28764 --- [bibliotheque] [restartedMain] org.hibernate.type.BasicTypeRegistry     : Adding type registration text -> org.hibernate.type.BasicTypeReference@11f9f257
2025-02-18T22:28:32.912+01:00 DEBUG 28764 --- [bibliotheque] [restartedMain] org.hibernate.type.BasicTypeRegistry     : Adding type registration ntext -> org.hibernate.type.BasicTypeReference@32df13a3
2025-02-18T22:28:32.912+01:00 DEBUG 28764 --- [bibliotheque] [restartedMain] org.hibernate.type.BasicTypeRegistry     : Adding type registration clob -> org.hibernate.type.BasicTypeReference@2743346c
2025-02-18T22:28:32.912+01:00 DEBUG 28764 --- [bibliotheque] [restartedMain] org.hibernate.type.BasicTypeRegistry     : Adding type registration java.sql.Clob -> org.hibernate.type.BasicTypeReference@2743346c
2025-02-18T22:28:32.912+01:00 DEBUG 28764 --- [bibliotheque] [restartedMain] org.hibernate.type.BasicTypeRegistry     : Adding type registration nclob -> org.hibernate.type.BasicTypeReference@5e2fe131
2025-02-18T22:28:32.912+01:00 DEBUG 28764 --- [bibliotheque] [restartedMain] org.hibernate.type.BasicTypeRegistry     : Adding type registration java.sql.NClob -> org.hibernate.type.BasicTypeReference@5e2fe131
2025-02-18T22:28:32.912+01:00 DEBUG 28764 --- [bibliotheque] [restartedMain] org.hibernate.type.BasicTypeRegistry     : Adding type registration materialized_clob -> org.hibernate.type.BasicTypeReference@1adbe9
2025-02-18T22:28:32.912+01:00 DEBUG 28764 --- [bibliotheque] [restartedMain] org.hibernate.type.BasicTypeRegistry     : Adding type registration materialized_clob_char_array -> org.hibernate.type.BasicTypeReference@4a128242
2025-02-18T22:28:32.912+01:00 DEBUG 28764 --- [bibliotheque] [restartedMain] org.hibernate.type.BasicTypeRegistry     : Adding type registration materialized_clob_character_array -> org.hibernate.type.BasicTypeReference@74cc2f38
2025-02-18T22:28:32.912+01:00 DEBUG 28764 --- [bibliotheque] [restartedMain] org.hibernate.type.BasicTypeRegistry     : Adding type registration materialized_nclob -> org.hibernate.type.BasicTypeReference@554b7ef9
2025-02-18T22:28:32.912+01:00 DEBUG 28764 --- [bibliotheque] [restartedMain] org.hibernate.type.BasicTypeRegistry     : Adding type registration materialized_nclob_character_array -> org.hibernate.type.BasicTypeReference@3d8222a
2025-02-18T22:28:32.912+01:00 DEBUG 28764 --- [bibliotheque] [restartedMain] org.hibernate.type.BasicTypeRegistry     : Adding type registration materialized_nclob_char_array -> org.hibernate.type.BasicTypeReference@5d86b081
2025-02-18T22:28:32.912+01:00 DEBUG 28764 --- [bibliotheque] [restartedMain] org.hibernate.type.BasicTypeRegistry     : Adding type registration Duration -> org.hibernate.type.BasicTypeReference@48a6e1e6
2025-02-18T22:28:32.912+01:00 DEBUG 28764 --- [bibliotheque] [restartedMain] org.hibernate.type.BasicTypeRegistry     : Adding type registration java.time.Duration -> org.hibernate.type.BasicTypeReference@48a6e1e6
2025-02-18T22:28:32.912+01:00 DEBUG 28764 --- [bibliotheque] [restartedMain] org.hibernate.type.BasicTypeRegistry     : Adding type registration LocalDateTime -> org.hibernate.type.BasicTypeReference@4614f2bd
2025-02-18T22:28:32.912+01:00 DEBUG 28764 --- [bibliotheque] [restartedMain] org.hibernate.type.BasicTypeRegistry     : Adding type registration java.time.LocalDateTime -> org.hibernate.type.BasicTypeReference@4614f2bd
2025-02-18T22:28:32.913+01:00 DEBUG 28764 --- [bibliotheque] [restartedMain] org.hibernate.type.BasicTypeRegistry     : Adding type registration LocalDate -> org.hibernate.type.BasicTypeReference@41f5127
2025-02-18T22:28:32.913+01:00 DEBUG 28764 --- [bibliotheque] [restartedMain] org.hibernate.type.BasicTypeRegistry     : Adding type registration java.time.LocalDate -> org.hibernate.type.BasicTypeReference@41f5127
2025-02-18T22:28:32.913+01:00 DEBUG 28764 --- [bibliotheque] [restartedMain] org.hibernate.type.BasicTypeRegistry     : Adding type registration LocalTime -> org.hibernate.type.BasicTypeReference@6c75eb9d
2025-02-18T22:28:32.913+01:00 DEBUG 28764 --- [bibliotheque] [restartedMain] org.hibernate.type.BasicTypeRegistry     : Adding type registration java.time.LocalTime -> org.hibernate.type.BasicTypeReference@6c75eb9d
2025-02-18T22:28:32.913+01:00 DEBUG 28764 --- [bibliotheque] [restartedMain] org.hibernate.type.BasicTypeRegistry     : Adding type registration OffsetDateTime -> org.hibernate.type.BasicTypeReference@13239e24
2025-02-18T22:28:32.913+01:00 DEBUG 28764 --- [bibliotheque] [restartedMain] org.hibernate.type.BasicTypeRegistry     : Adding type registration java.time.OffsetDateTime -> org.hibernate.type.BasicTypeReference@13239e24
2025-02-18T22:28:32.913+01:00 DEBUG 28764 --- [bibliotheque] [restartedMain] org.hibernate.type.BasicTypeRegistry     : Adding type registration OffsetDateTimeWithTimezone -> org.hibernate.type.BasicTypeReference@72c317e7
2025-02-18T22:28:32.913+01:00 DEBUG 28764 --- [bibliotheque] [restartedMain] org.hibernate.type.BasicTypeRegistry     : Adding type registration OffsetDateTimeWithoutTimezone -> org.hibernate.type.BasicTypeReference@cabf6f1
2025-02-18T22:28:32.913+01:00 DEBUG 28764 --- [bibliotheque] [restartedMain] org.hibernate.type.BasicTypeRegistry     : Adding type registration OffsetTime -> org.hibernate.type.BasicTypeReference@4f41ddfa
2025-02-18T22:28:32.913+01:00 DEBUG 28764 --- [bibliotheque] [restartedMain] org.hibernate.type.BasicTypeRegistry     : Adding type registration java.time.OffsetTime -> org.hibernate.type.BasicTypeReference@4f41ddfa
2025-02-18T22:28:32.913+01:00 DEBUG 28764 --- [bibliotheque] [restartedMain] org.hibernate.type.BasicTypeRegistry     : Adding type registration OffsetTimeUtc -> org.hibernate.type.BasicTypeReference@401ca888
2025-02-18T22:28:32.913+01:00 DEBUG 28764 --- [bibliotheque] [restartedMain] org.hibernate.type.BasicTypeRegistry     : Adding type registration OffsetTimeWithTimezone -> org.hibernate.type.BasicTypeReference@2a8af343
2025-02-18T22:28:32.913+01:00 DEBUG 28764 --- [bibliotheque] [restartedMain] org.hibernate.type.BasicTypeRegistry     : Adding type registration OffsetTimeWithoutTimezone -> org.hibernate.type.BasicTypeReference@79c5849d
2025-02-18T22:28:32.913+01:00 DEBUG 28764 --- [bibliotheque] [restartedMain] org.hibernate.type.BasicTypeRegistry     : Adding type registration ZonedDateTime -> org.hibernate.type.BasicTypeReference@38aa3852
2025-02-18T22:28:32.913+01:00 DEBUG 28764 --- [bibliotheque] [restartedMain] org.hibernate.type.BasicTypeRegistry     : Adding type registration java.time.ZonedDateTime -> org.hibernate.type.BasicTypeReference@38aa3852
2025-02-18T22:28:32.913+01:00 DEBUG 28764 --- [bibliotheque] [restartedMain] org.hibernate.type.BasicTypeRegistry     : Adding type registration ZonedDateTimeWithTimezone -> org.hibernate.type.BasicTypeReference@1d578f27
2025-02-18T22:28:32.913+01:00 DEBUG 28764 --- [bibliotheque] [restartedMain] org.hibernate.type.BasicTypeRegistry     : Adding type registration ZonedDateTimeWithoutTimezone -> org.hibernate.type.BasicTypeReference@60ba6725
2025-02-18T22:28:32.913+01:00 DEBUG 28764 --- [bibliotheque] [restartedMain] org.hibernate.type.BasicTypeRegistry     : Adding type registration date -> org.hibernate.type.BasicTypeReference@358ee6c3
2025-02-18T22:28:32.913+01:00 DEBUG 28764 --- [bibliotheque] [restartedMain] org.hibernate.type.BasicTypeRegistry     : Adding type registration java.sql.Date -> org.hibernate.type.BasicTypeReference@358ee6c3
2025-02-18T22:28:32.913+01:00 DEBUG 28764 --- [bibliotheque] [restartedMain] org.hibernate.type.BasicTypeRegistry     : Adding type registration time -> org.hibernate.type.BasicTypeReference@5c8f3088
2025-02-18T22:28:32.913+01:00 DEBUG 28764 --- [bibliotheque] [restartedMain] org.hibernate.type.BasicTypeRegistry     : Adding type registration java.sql.Time -> org.hibernate.type.BasicTypeReference@5c8f3088
2025-02-18T22:28:32.913+01:00 DEBUG 28764 --- [bibliotheque] [restartedMain] org.hibernate.type.BasicTypeRegistry     : Adding type registration timestamp -> org.hibernate.type.BasicTypeReference@7d80b289
2025-02-18T22:28:32.914+01:00 DEBUG 28764 --- [bibliotheque] [restartedMain] org.hibernate.type.BasicTypeRegistry     : Adding type registration java.sql.Timestamp -> org.hibernate.type.BasicTypeReference@7d80b289
2025-02-18T22:28:32.914+01:00 DEBUG 28764 --- [bibliotheque] [restartedMain] org.hibernate.type.BasicTypeRegistry     : Adding type registration java.util.Date -> org.hibernate.type.BasicTypeReference@7d80b289
2025-02-18T22:28:32.914+01:00 DEBUG 28764 --- [bibliotheque] [restartedMain] org.hibernate.type.BasicTypeRegistry     : Adding type registration calendar -> org.hibernate.type.BasicTypeReference@4eb06153
2025-02-18T22:28:32.914+01:00 DEBUG 28764 --- [bibliotheque] [restartedMain] org.hibernate.type.BasicTypeRegistry     : Adding type registration java.util.Calendar -> org.hibernate.type.BasicTypeReference@4eb06153
2025-02-18T22:28:32.914+01:00 DEBUG 28764 --- [bibliotheque] [restartedMain] org.hibernate.type.BasicTypeRegistry     : Adding type registration java.util.GregorianCalendar -> org.hibernate.type.BasicTypeReference@4eb06153
2025-02-18T22:28:32.914+01:00 DEBUG 28764 --- [bibliotheque] [restartedMain] org.hibernate.type.BasicTypeRegistry     : Adding type registration calendar_date -> org.hibernate.type.BasicTypeReference@cca2eb8
2025-02-18T22:28:32.914+01:00 DEBUG 28764 --- [bibliotheque] [restartedMain] org.hibernate.type.BasicTypeRegistry     : Adding type registration calendar_time -> org.hibernate.type.BasicTypeReference@296444d9
2025-02-18T22:28:32.914+01:00 DEBUG 28764 --- [bibliotheque] [restartedMain] org.hibernate.type.BasicTypeRegistry     : Adding type registration instant -> org.hibernate.type.BasicTypeReference@5188af86
2025-02-18T22:28:32.914+01:00 DEBUG 28764 --- [bibliotheque] [restartedMain] org.hibernate.type.BasicTypeRegistry     : Adding type registration java.time.Instant -> org.hibernate.type.BasicTypeReference@5188af86
2025-02-18T22:28:32.914+01:00 DEBUG 28764 --- [bibliotheque] [restartedMain] org.hibernate.type.BasicTypeRegistry     : Adding type registration uuid -> org.hibernate.type.BasicTypeReference@1cfff61d
2025-02-18T22:28:32.915+01:00 DEBUG 28764 --- [bibliotheque] [restartedMain] org.hibernate.type.BasicTypeRegistry     : Adding type registration java.util.UUID -> org.hibernate.type.BasicTypeReference@1cfff61d
2025-02-18T22:28:32.915+01:00 DEBUG 28764 --- [bibliotheque] [restartedMain] org.hibernate.type.BasicTypeRegistry     : Adding type registration pg-uuid -> org.hibernate.type.BasicTypeReference@1cfff61d
2025-02-18T22:28:32.915+01:00 DEBUG 28764 --- [bibliotheque] [restartedMain] org.hibernate.type.BasicTypeRegistry     : Adding type registration uuid-binary -> org.hibernate.type.BasicTypeReference@419da4d4
2025-02-18T22:28:32.915+01:00 DEBUG 28764 --- [bibliotheque] [restartedMain] org.hibernate.type.BasicTypeRegistry     : Adding type registration uuid-char -> org.hibernate.type.BasicTypeReference@4ad472b2
2025-02-18T22:28:32.915+01:00 DEBUG 28764 --- [bibliotheque] [restartedMain] org.hibernate.type.BasicTypeRegistry     : Adding type registration class -> org.hibernate.type.BasicTypeReference@5eb400f1
2025-02-18T22:28:32.915+01:00 DEBUG 28764 --- [bibliotheque] [restartedMain] org.hibernate.type.BasicTypeRegistry     : Adding type registration java.lang.Class -> org.hibernate.type.BasicTypeReference@5eb400f1
2025-02-18T22:28:32.915+01:00 DEBUG 28764 --- [bibliotheque] [restartedMain] org.hibernate.type.BasicTypeRegistry     : Adding type registration currency -> org.hibernate.type.BasicTypeReference@3d185a24
2025-02-18T22:28:32.915+01:00 DEBUG 28764 --- [bibliotheque] [restartedMain] org.hibernate.type.BasicTypeRegistry     : Adding type registration Currency -> org.hibernate.type.BasicTypeReference@3d185a24
2025-02-18T22:28:32.915+01:00 DEBUG 28764 --- [bibliotheque] [restartedMain] org.hibernate.type.BasicTypeRegistry     : Adding type registration java.util.Currency -> org.hibernate.type.BasicTypeReference@3d185a24
2025-02-18T22:28:32.915+01:00 DEBUG 28764 --- [bibliotheque] [restartedMain] org.hibernate.type.BasicTypeRegistry     : Adding type registration locale -> org.hibernate.type.BasicTypeReference@118ff257
2025-02-18T22:28:32.916+01:00 DEBUG 28764 --- [bibliotheque] [restartedMain] org.hibernate.type.BasicTypeRegistry     : Adding type registration java.util.Locale -> org.hibernate.type.BasicTypeReference@118ff257
2025-02-18T22:28:32.916+01:00 DEBUG 28764 --- [bibliotheque] [restartedMain] org.hibernate.type.BasicTypeRegistry     : Adding type registration serializable -> org.hibernate.type.BasicTypeReference@78a74336
2025-02-18T22:28:32.916+01:00 DEBUG 28764 --- [bibliotheque] [restartedMain] org.hibernate.type.BasicTypeRegistry     : Adding type registration java.io.Serializable -> org.hibernate.type.BasicTypeReference@78a74336
2025-02-18T22:28:32.916+01:00 DEBUG 28764 --- [bibliotheque] [restartedMain] org.hibernate.type.BasicTypeRegistry     : Adding type registration timezone -> org.hibernate.type.BasicTypeReference@6ea675b
2025-02-18T22:28:32.916+01:00 DEBUG 28764 --- [bibliotheque] [restartedMain] org.hibernate.type.BasicTypeRegistry     : Adding type registration java.util.TimeZone -> org.hibernate.type.BasicTypeReference@6ea675b
2025-02-18T22:28:32.916+01:00 DEBUG 28764 --- [bibliotheque] [restartedMain] org.hibernate.type.BasicTypeRegistry     : Adding type registration ZoneOffset -> org.hibernate.type.BasicTypeReference@795cd4d8
2025-02-18T22:28:32.916+01:00 DEBUG 28764 --- [bibliotheque] [restartedMain] org.hibernate.type.BasicTypeRegistry     : Adding type registration java.time.ZoneOffset -> org.hibernate.type.BasicTypeReference@795cd4d8
2025-02-18T22:28:32.916+01:00 DEBUG 28764 --- [bibliotheque] [restartedMain] org.hibernate.type.BasicTypeRegistry     : Adding type registration url -> org.hibernate.type.BasicTypeReference@17af8cee
2025-02-18T22:28:32.917+01:00 DEBUG 28764 --- [bibliotheque] [restartedMain] org.hibernate.type.BasicTypeRegistry     : Adding type registration java.net.URL -> org.hibernate.type.BasicTypeReference@17af8cee
2025-02-18T22:28:32.917+01:00 DEBUG 28764 --- [bibliotheque] [restartedMain] org.hibernate.type.BasicTypeRegistry     : Adding type registration vector -> org.hibernate.type.BasicTypeReference@55d3d3de
2025-02-18T22:28:32.917+01:00 DEBUG 28764 --- [bibliotheque] [restartedMain] org.hibernate.type.BasicTypeRegistry     : Adding type registration float_vector -> org.hibernate.type.BasicTypeReference@56b680
2025-02-18T22:28:32.917+01:00 DEBUG 28764 --- [bibliotheque] [restartedMain] org.hibernate.type.BasicTypeRegistry     : Adding type registration double_vector -> org.hibernate.type.BasicTypeReference@1f335846
2025-02-18T22:28:32.917+01:00 DEBUG 28764 --- [bibliotheque] [restartedMain] org.hibernate.type.BasicTypeRegistry     : Adding type registration byte_vector -> org.hibernate.type.BasicTypeReference@74107fb2
2025-02-18T22:28:32.917+01:00 DEBUG 28764 --- [bibliotheque] [restartedMain] org.hibernate.type.BasicTypeRegistry     : Adding type registration row_version -> org.hibernate.type.BasicTypeReference@3f961fcd
2025-02-18T22:28:32.923+01:00 DEBUG 28764 --- [bibliotheque] [restartedMain] org.hibernate.type.BasicTypeRegistry     : Adding type registration object -> org.hibernate.type.JavaObjectType@452e5939
2025-02-18T22:28:32.923+01:00 DEBUG 28764 --- [bibliotheque] [restartedMain] org.hibernate.type.BasicTypeRegistry     : Adding type registration java.lang.Object -> org.hibernate.type.JavaObjectType@452e5939
2025-02-18T22:28:32.924+01:00 DEBUG 28764 --- [bibliotheque] [restartedMain] org.hibernate.type.BasicTypeRegistry     : Adding type registration null -> org.hibernate.type.NullType@2f68c7ec
2025-02-18T22:28:32.924+01:00 DEBUG 28764 --- [bibliotheque] [restartedMain] org.hibernate.type.BasicTypeRegistry     : Adding type registration imm_date -> org.hibernate.type.BasicTypeReference@2ad05d31
2025-02-18T22:28:32.924+01:00 DEBUG 28764 --- [bibliotheque] [restartedMain] org.hibernate.type.BasicTypeRegistry     : Adding type registration imm_time -> org.hibernate.type.BasicTypeReference@2faec27e
2025-02-18T22:28:32.924+01:00 DEBUG 28764 --- [bibliotheque] [restartedMain] org.hibernate.type.BasicTypeRegistry     : Adding type registration imm_timestamp -> org.hibernate.type.BasicTypeReference@21335382
2025-02-18T22:28:32.925+01:00 DEBUG 28764 --- [bibliotheque] [restartedMain] org.hibernate.type.BasicTypeRegistry     : Adding type registration imm_calendar -> org.hibernate.type.BasicTypeReference@488da7ef
2025-02-18T22:28:32.925+01:00 DEBUG 28764 --- [bibliotheque] [restartedMain] org.hibernate.type.BasicTypeRegistry     : Adding type registration imm_calendar_date -> org.hibernate.type.BasicTypeReference@601c521a
2025-02-18T22:28:32.925+01:00 DEBUG 28764 --- [bibliotheque] [restartedMain] org.hibernate.type.BasicTypeRegistry     : Adding type registration imm_calendar_time -> org.hibernate.type.BasicTypeReference@39f8d155
2025-02-18T22:28:32.925+01:00 DEBUG 28764 --- [bibliotheque] [restartedMain] org.hibernate.type.BasicTypeRegistry     : Adding type registration imm_binary -> org.hibernate.type.BasicTypeReference@2ec3aab
2025-02-18T22:28:32.925+01:00 DEBUG 28764 --- [bibliotheque] [restartedMain] org.hibernate.type.BasicTypeRegistry     : Adding type registration imm_serializable -> org.hibernate.type.BasicTypeReference@27fb47c6
2025-02-18T22:28:33.111+01:00  INFO 28764 --- [bibliotheque] [restartedMain] o.s.o.j.p.SpringPersistenceUnitInfo      : No LoadTimeWeaver setup: ignoring JPA class transformer
2025-02-18T22:28:33.134+01:00  INFO 28764 --- [bibliotheque] [restartedMain] com.zaxxer.hikari.HikariDataSource       : HikariPool-1 - Starting...
2025-02-18T22:28:33.218+01:00  INFO 28764 --- [bibliotheque] [restartedMain] com.zaxxer.hikari.pool.HikariPool        : HikariPool-1 - Added connection org.mariadb.jdbc.Connection@11b8059b
2025-02-18T22:28:33.220+01:00  INFO 28764 --- [bibliotheque] [restartedMain] com.zaxxer.hikari.HikariDataSource       : HikariPool-1 - Start completed.
2025-02-18T22:28:33.244+01:00  WARN 28764 --- [bibliotheque] [restartedMain] org.hibernate.orm.deprecation            : HHH90000025: MariaDBDialect does not need to be specified explicitly using 'hibernate.dialect' (remove the property setting and it will be selected by default)
2025-02-18T22:28:33.259+01:00  INFO 28764 --- [bibliotheque] [restartedMain] org.hibernate.orm.connections.pooling    : HHH10001005: Database info:
	Database JDBC URL [Connecting through datasource 'HikariDataSource (HikariPool-1)']
	Database driver: undefined/unknown
	Database version: 11.5.2
	Autocommit mode: undefined/unknown
	Isolation level: undefined/unknown
	Minimum pool size: undefined/unknown
	Maximum pool size: undefined/unknown
2025-02-18T22:28:33.266+01:00 DEBUG 28764 --- [bibliotheque] [restartedMain] o.h.t.d.sql.spi.DdlTypeRegistry          : addDescriptor(12, org.hibernate.type.descriptor.sql.internal.CapacityDependentDdlType@286a5c00) replaced previous registration(org.hibernate.type.descriptor.sql.internal.CapacityDependentDdlType@15d14706)
2025-02-18T22:28:33.267+01:00 DEBUG 28764 --- [bibliotheque] [restartedMain] o.h.t.d.sql.spi.DdlTypeRegistry          : addDescriptor(-9, org.hibernate.type.descriptor.sql.internal.CapacityDependentDdlType@359460e) replaced previous registration(org.hibernate.type.descriptor.sql.internal.CapacityDependentDdlType@1ec6db2d)
2025-02-18T22:28:33.267+01:00 DEBUG 28764 --- [bibliotheque] [restartedMain] o.h.t.d.sql.spi.DdlTypeRegistry          : addDescriptor(-3, org.hibernate.type.descriptor.sql.internal.CapacityDependentDdlType@64360ea9) replaced previous registration(org.hibernate.type.descriptor.sql.internal.CapacityDependentDdlType@7b409c5e)
2025-02-18T22:28:33.267+01:00 DEBUG 28764 --- [bibliotheque] [restartedMain] o.h.t.d.sql.spi.DdlTypeRegistry          : addDescriptor(4003, org.hibernate.type.descriptor.sql.internal.DdlTypeImpl@32e0dc0e) replaced previous registration(org.hibernate.type.descriptor.sql.internal.DdlTypeImpl@1ad776cc)
2025-02-18T22:28:33.267+01:00 DEBUG 28764 --- [bibliotheque] [restartedMain] o.h.t.d.sql.spi.DdlTypeRegistry          : addDescriptor(4001, org.hibernate.type.descriptor.sql.internal.DdlTypeImpl@4e407079) replaced previous registration(org.hibernate.type.descriptor.sql.internal.DdlTypeImpl@311da783)
2025-02-18T22:28:33.267+01:00 DEBUG 28764 --- [bibliotheque] [restartedMain] o.h.t.d.sql.spi.DdlTypeRegistry          : addDescriptor(4002, org.hibernate.type.descriptor.sql.internal.DdlTypeImpl@5290d02) replaced previous registration(org.hibernate.type.descriptor.sql.internal.DdlTypeImpl@24e97a7d)
2025-02-18T22:28:33.267+01:00 DEBUG 28764 --- [bibliotheque] [restartedMain] o.h.t.d.sql.spi.DdlTypeRegistry          : addDescriptor(2004, org.hibernate.type.descriptor.sql.internal.CapacityDependentDdlType@69e71521) replaced previous registration(org.hibernate.type.descriptor.sql.internal.DdlTypeImpl@351a8621)
2025-02-18T22:28:33.267+01:00 DEBUG 28764 --- [bibliotheque] [restartedMain] o.h.t.d.sql.spi.DdlTypeRegistry          : addDescriptor(2005, org.hibernate.type.descriptor.sql.internal.CapacityDependentDdlType@7816cc9d) replaced previous registration(org.hibernate.type.descriptor.sql.internal.DdlTypeImpl@17c37b70)
2025-02-18T22:28:33.268+01:00 DEBUG 28764 --- [bibliotheque] [restartedMain] o.h.t.d.sql.spi.DdlTypeRegistry          : addDescriptor(2011, org.hibernate.type.descriptor.sql.internal.CapacityDependentDdlType@46dc2ab4) replaced previous registration(org.hibernate.type.descriptor.sql.internal.DdlTypeImpl@279687c0)
2025-02-18T22:28:33.272+01:00 DEBUG 28764 --- [bibliotheque] [restartedMain] org.hibernate.type.BasicTypeRegistry     : Adding type registration null -> org.hibernate.type.NullType@255eb1f5
2025-02-18T22:28:33.273+01:00 DEBUG 28764 --- [bibliotheque] [restartedMain] org.hibernate.type.BasicTypeRegistry     : Type registration key [null] overrode previous entry : `org.hibernate.type.NullType@2f68c7ec`
2025-02-18T22:28:33.275+01:00 DEBUG 28764 --- [bibliotheque] [restartedMain] org.hibernate.type.BasicTypeRegistry     : Adding type registration org.hibernate.type.DurationType -> basicType@1(java.time.Duration,3015)
2025-02-18T22:28:33.276+01:00 DEBUG 28764 --- [bibliotheque] [restartedMain] org.hibernate.type.BasicTypeRegistry     : Adding type registration Duration -> basicType@1(java.time.Duration,3015)
2025-02-18T22:28:33.276+01:00 DEBUG 28764 --- [bibliotheque] [restartedMain] org.hibernate.type.BasicTypeRegistry     : Adding type registration java.time.Duration -> basicType@1(java.time.Duration,3015)
2025-02-18T22:28:33.278+01:00 DEBUG 28764 --- [bibliotheque] [restartedMain] org.hibernate.type.BasicTypeRegistry     : Adding type registration org.hibernate.type.OffsetDateTimeType -> basicType@2(java.time.OffsetDateTime,3003)
2025-02-18T22:28:33.278+01:00 DEBUG 28764 --- [bibliotheque] [restartedMain] org.hibernate.type.BasicTypeRegistry     : Adding type registration OffsetDateTime -> basicType@2(java.time.OffsetDateTime,3003)
2025-02-18T22:28:33.278+01:00 DEBUG 28764 --- [bibliotheque] [restartedMain] org.hibernate.type.BasicTypeRegistry     : Adding type registration java.time.OffsetDateTime -> basicType@2(java.time.OffsetDateTime,3003)
2025-02-18T22:28:33.278+01:00 DEBUG 28764 --- [bibliotheque] [restartedMain] org.hibernate.type.BasicTypeRegistry     : Adding type registration org.hibernate.type.ZonedDateTimeType -> basicType@3(java.time.ZonedDateTime,3003)
2025-02-18T22:28:33.278+01:00 DEBUG 28764 --- [bibliotheque] [restartedMain] org.hibernate.type.BasicTypeRegistry     : Adding type registration ZonedDateTime -> basicType@3(java.time.ZonedDateTime,3003)
2025-02-18T22:28:33.278+01:00 DEBUG 28764 --- [bibliotheque] [restartedMain] org.hibernate.type.BasicTypeRegistry     : Adding type registration java.time.ZonedDateTime -> basicType@3(java.time.ZonedDateTime,3003)
2025-02-18T22:28:33.279+01:00 DEBUG 28764 --- [bibliotheque] [restartedMain] org.hibernate.type.BasicTypeRegistry     : Adding type registration org.hibernate.type.OffsetTimeType -> basicType@4(java.time.OffsetTime,3007)
2025-02-18T22:28:33.279+01:00 DEBUG 28764 --- [bibliotheque] [restartedMain] org.hibernate.type.BasicTypeRegistry     : Adding type registration OffsetTime -> basicType@4(java.time.OffsetTime,3007)
2025-02-18T22:28:33.279+01:00 DEBUG 28764 --- [bibliotheque] [restartedMain] org.hibernate.type.BasicTypeRegistry     : Adding type registration java.time.OffsetTime -> basicType@4(java.time.OffsetTime,3007)
2025-02-18T22:28:33.280+01:00 DEBUG 28764 --- [bibliotheque] [restartedMain] o.h.type.spi.TypeConfiguration$Scope     : Scoping TypeConfiguration [org.hibernate.type.spi.TypeConfiguration@741ea1ca] to MetadataBuildingContext [org.hibernate.boot.internal.MetadataBuildingContextRootImpl@6e326637]
2025-02-18T22:28:33.424+01:00 ERROR 28764 --- [bibliotheque] [restartedMain] j.LocalContainerEntityManagerFactoryBean : Failed to initialize JPA EntityManagerFactory: Collection 'com.example.bibliotheque.entities.Author.books' is 'mappedBy' a property named 'author' which does not exist in the target entity 'com.example.bibliotheque.entities.Book'
2025-02-18T22:28:33.425+01:00  WARN 28764 --- [bibliotheque] [restartedMain] ConfigServletWebServerApplicationContext : Exception encountered during context initialization - cancelling refresh attempt: org.springframework.beans.factory.BeanCreationException: Error creating bean with name 'entityManagerFactory' defined in class path resource [org/springframework/boot/autoconfigure/orm/jpa/HibernateJpaConfiguration.class]: Collection 'com.example.bibliotheque.entities.Author.books' is 'mappedBy' a property named 'author' which does not exist in the target entity 'com.example.bibliotheque.entities.Book'
2025-02-18T22:28:33.427+01:00  INFO 28764 --- [bibliotheque] [restartedMain] com.zaxxer.hikari.HikariDataSource       : HikariPool-1 - Shutdown initiated...
2025-02-18T22:28:33.469+01:00  INFO 28764 --- [bibliotheque] [restartedMain] com.zaxxer.hikari.HikariDataSource       : HikariPool-1 - Shutdown completed.
2025-02-18T22:28:33.473+01:00  INFO 28764 --- [bibliotheque] [restartedMain] o.apache.catalina.core.StandardService   : Stopping service [Tomcat]
2025-02-18T22:28:33.485+01:00  INFO 28764 --- [bibliotheque] [restartedMain] .s.b.a.l.ConditionEvaluationReportLogger : 

Error starting ApplicationContext. To display the condition evaluation report re-run your application with 'debug' enabled.
2025-02-18T22:28:33.502+01:00 ERROR 28764 --- [bibliotheque] [restartedMain] o.s.boot.SpringApplication               : Application run failed

org.springframework.beans.factory.BeanCreationException: Error creating bean with name 'entityManagerFactory' defined in class path resource [org/springframework/boot/autoconfigure/orm/jpa/HibernateJpaConfiguration.class]: Collection 'com.example.bibliotheque.entities.Author.books' is 'mappedBy' a property named 'author' which does not exist in the target entity 'com.example.bibliotheque.entities.Book'
	at org.springframework.beans.factory.support.AbstractAutowireCapableBeanFactory.initializeBean(AbstractAutowireCapableBeanFactory.java:1812) ~[spring-beans-6.2.2.jar:6.2.2]
	at org.springframework.beans.factory.support.AbstractAutowireCapableBeanFactory.doCreateBean(AbstractAutowireCapableBeanFactory.java:601) ~[spring-beans-6.2.2.jar:6.2.2]
	at org.springframework.beans.factory.support.AbstractAutowireCapableBeanFactory.createBean(AbstractAutowireCapableBeanFactory.java:523) ~[spring-beans-6.2.2.jar:6.2.2]
	at org.springframework.beans.factory.support.AbstractBeanFactory.lambda$doGetBean$0(AbstractBeanFactory.java:336) ~[spring-beans-6.2.2.jar:6.2.2]
	at org.springframework.beans.factory.support.DefaultSingletonBeanRegistry.getSingleton(DefaultSingletonBeanRegistry.java:307) ~[spring-beans-6.2.2.jar:6.2.2]
	at org.springframework.beans.factory.support.AbstractBeanFactory.doGetBean(AbstractBeanFactory.java:334) ~[spring-beans-6.2.2.jar:6.2.2]
	at org.springframework.beans.factory.support.AbstractBeanFactory.getBean(AbstractBeanFactory.java:204) ~[spring-beans-6.2.2.jar:6.2.2]
	at org.springframework.context.support.AbstractApplicationContext.finishBeanFactoryInitialization(AbstractApplicationContext.java:970) ~[spring-context-6.2.2.jar:6.2.2]
	at org.springframework.context.support.AbstractApplicationContext.refresh(AbstractApplicationContext.java:627) ~[spring-context-6.2.2.jar:6.2.2]
	at org.springframework.boot.web.servlet.context.ServletWebServerApplicationContext.refresh(ServletWebServerApplicationContext.java:146) ~[spring-boot-3.4.2.jar:3.4.2]
	at org.springframework.boot.SpringApplication.refresh(SpringApplication.java:752) ~[spring-boot-3.4.2.jar:3.4.2]
	at org.springframework.boot.SpringApplication.refreshContext(SpringApplication.java:439) ~[spring-boot-3.4.2.jar:3.4.2]
	at org.springframework.boot.SpringApplication.run(SpringApplication.java:318) ~[spring-boot-3.4.2.jar:3.4.2]
	at org.springframework.boot.SpringApplication.run(SpringApplication.java:1361) ~[spring-boot-3.4.2.jar:3.4.2]
	at org.springframework.boot.SpringApplication.run(SpringApplication.java:1350) ~[spring-boot-3.4.2.jar:3.4.2]
	at com.example.bibliotheque.BibliothequeApplication.main(BibliothequeApplication.java:10) ~[classes/:na]
	at java.base/jdk.internal.reflect.DirectMethodHandleAccessor.invoke(DirectMethodHandleAccessor.java:103) ~[na:na]
	at java.base/java.lang.reflect.Method.invoke(Method.java:580) ~[na:na]
	at org.springframework.boot.devtools.restart.RestartLauncher.run(RestartLauncher.java:50) ~[spring-boot-devtools-3.4.2.jar:3.4.2]
Caused by: org.hibernate.AnnotationException: Collection 'com.example.bibliotheque.entities.Author.books' is 'mappedBy' a property named 'author' which does not exist in the target entity 'com.example.bibliotheque.entities.Book'
	at org.hibernate.boot.model.internal.CollectionBinder.isReversePropertyInJoin(CollectionBinder.java:1638) ~[hibernate-core-6.6.5.Final.jar:6.6.5.Final]
	at org.hibernate.boot.model.internal.CollectionBinder.noAssociationTable(CollectionBinder.java:1652) ~[hibernate-core-6.6.5.Final.jar:6.6.5.Final]
	at org.hibernate.boot.model.internal.CollectionBinder.bindStarToManySecondPass(CollectionBinder.java:1613) ~[hibernate-core-6.6.5.Final.jar:6.6.5.Final]
	at org.hibernate.boot.model.internal.CollectionBinder$1.secondPass(CollectionBinder.java:1604) ~[hibernate-core-6.6.5.Final.jar:6.6.5.Final]
	at org.hibernate.boot.model.internal.CollectionSecondPass.doSecondPass(CollectionSecondPass.java:45) ~[hibernate-core-6.6.5.Final.jar:6.6.5.Final]
	at org.hibernate.boot.internal.InFlightMetadataCollectorImpl.processSecondPasses(InFlightMetadataCollectorImpl.java:1842) ~[hibernate-core-6.6.5.Final.jar:6.6.5.Final]
	at org.hibernate.boot.internal.InFlightMetadataCollectorImpl.processSecondPasses(InFlightMetadataCollectorImpl.java:1800) ~[hibernate-core-6.6.5.Final.jar:6.6.5.Final]
	at org.hibernate.boot.model.process.spi.MetadataBuildingProcess.complete(MetadataBuildingProcess.java:334) ~[hibernate-core-6.6.5.Final.jar:6.6.5.Final]
	at org.hibernate.jpa.boot.internal.EntityManagerFactoryBuilderImpl.metadata(EntityManagerFactoryBuilderImpl.java:1431) ~[hibernate-core-6.6.5.Final.jar:6.6.5.Final]
	at org.hibernate.jpa.boot.internal.EntityManagerFactoryBuilderImpl.build(EntityManagerFactoryBuilderImpl.java:1502) ~[hibernate-core-6.6.5.Final.jar:6.6.5.Final]
	at org.springframework.orm.jpa.vendor.SpringHibernateJpaPersistenceProvider.createContainerEntityManagerFactory(SpringHibernateJpaPersistenceProvider.java:66) ~[spring-orm-6.2.2.jar:6.2.2]
	at org.springframework.orm.jpa.LocalContainerEntityManagerFactoryBean.createNativeEntityManagerFactory(LocalContainerEntityManagerFactoryBean.java:390) ~[spring-orm-6.2.2.jar:6.2.2]
	at org.springframework.orm.jpa.AbstractEntityManagerFactoryBean.buildNativeEntityManagerFactory(AbstractEntityManagerFactoryBean.java:419) ~[spring-orm-6.2.2.jar:6.2.2]
	at org.springframework.orm.jpa.AbstractEntityManagerFactoryBean.afterPropertiesSet(AbstractEntityManagerFactoryBean.java:400) ~[spring-orm-6.2.2.jar:6.2.2]
	at org.springframework.orm.jpa.LocalContainerEntityManagerFactoryBean.afterPropertiesSet(LocalContainerEntityManagerFactoryBean.java:366) ~[spring-orm-6.2.2.jar:6.2.2]
	at org.springframework.beans.factory.support.AbstractAutowireCapableBeanFactory.invokeInitMethods(AbstractAutowireCapableBeanFactory.java:1859) ~[spring-beans-6.2.2.jar:6.2.2]
	at org.springframework.beans.factory.support.AbstractAutowireCapableBeanFactory.initializeBean(AbstractAutowireCapableBeanFactory.java:1808) ~[spring-beans-6.2.2.jar:6.2.2]
	... 18 common frames omitted

